<?xml version="1.0" encoding="UTF-8"?>
<!-- Generated by org.testng.reporters.JUnitReportReporter -->
<testsuite hostname="DESKTOP-6R86IG7" failures="0" tests="2" name="ContactTest.ContactTest" time="0.037" errors="0" timestamp="17 May 2024 09:08:39 GMT" skipped="0">
  <testcase classname="ContactTest.ContactTest" name="creatcontactTest" time="0.029"/>
  <testcase classname="ContactTest.ContactTest" name="modifycontactTest" time="0.008"/>
</testsuite> <!-- ContactTest.ContactTest -->
