<?xml version="1.0" encoding="UTF-8"?>
<!-- Generated by org.testng.reporters.JUnitReportReporter -->
<testsuite hostname="DESKTOP-6R86IG7" failures="0" tests="2" name="OrgTest.OrgTest" time="0.025" errors="0" timestamp="17 May 2024 09:08:54 GMT" skipped="0">
  <testcase classname="OrgTest.OrgTest" name="createorgTest" time="0.018"/>
  <testcase classname="OrgTest.OrgTest" name="modifyorgTest" time="0.007"/>
</testsuite> <!-- OrgTest.OrgTest -->
